build/app/intermediates/manifest_merge_blame_file/debug/manifest-merger-blame-debug-report.txt
1<?xml version="1.0" encoding="utf-8"?>
2<manifest xmlns:android="http://schemas.android.com/apk/res/android"
3    package="com.royhayek.flutterfoodrecipes"
4    android:versionCode="1"
5    android:versionName="1.0.0" >
6
7    <uses-sdk
8        android:minSdkVersion="19"
9        android:targetSdkVersion="28" />
10    <!--
11         Flutter needs it to communicate with the running application
12         to allow setting breakpoints, to provide hot reload, etc.
13    -->
14    <uses-permission android:name="android.permission.INTERNET" />
14-->src\main\AndroidManifest.xml:8:5-67
14-->src\main\AndroidManifest.xml:8:22-64
15    <uses-permission android:name="android.permission.WAKE_LOCK" />
15-->[:firebase_messaging] AndroidManifest.xml:8:5-68
15-->[:firebase_messaging] AndroidManifest.xml:8:22-65
16    <uses-permission android:name="android.permission.ACCESS_NETWORK_STATE" />
16-->[:firebase_messaging] AndroidManifest.xml:9:5-79
16-->[:firebase_messaging] AndroidManifest.xml:9:22-76
17    <uses-permission android:name="android.permission.RECEIVE_BOOT_COMPLETED" />
17-->[:flutter_local_notifications] AndroidManifest.xml:7:5-81
17-->[:flutter_local_notifications] AndroidManifest.xml:7:22-78
18    <uses-permission android:name="android.permission.VIBRATE" />
18-->[:flutter_local_notifications] AndroidManifest.xml:8:5-66
18-->[:flutter_local_notifications] AndroidManifest.xml:8:22-63
19    <uses-permission android:name="android.permission.USE_FULL_SCREEN_INTENT" />
19-->[:flutter_local_notifications] AndroidManifest.xml:9:5-81
19-->[:flutter_local_notifications] AndroidManifest.xml:9:22-78
20    <uses-permission android:name="android.permission.WRITE_EXTERNAL_STORAGE" />
20-->[:flutter_share_me] AndroidManifest.xml:8:5-81
20-->[:flutter_share_me] AndroidManifest.xml:8:22-78
21    <uses-permission android:name="android.permission.READ_EXTERNAL_STORAGE" /> <!-- Required by older versions of Google Play services to create IID tokens -->
22    <uses-permission android:name="com.google.android.c2dm.permission.RECEIVE" /> <!-- Android package visibility setting -->
22-->[com.google.firebase:firebase-messaging:23.0.0] AndroidManifest.xml:25:5-82
22-->[com.google.firebase:firebase-messaging:23.0.0] AndroidManifest.xml:25:22-79
23    <queries>
23-->[com.google.android.gms:play-services-ads-lite:20.2.0] AndroidManifest.xml:27:5-43:15
24
25        <!-- For browser content -->
26        <intent>
26-->[com.google.android.gms:play-services-ads-lite:20.2.0] AndroidManifest.xml:30:9-36:18
27            <action android:name="android.intent.action.VIEW" />
27-->src\main\AndroidManifest.xml:46:17-69
27-->src\main\AndroidManifest.xml:46:25-66
28
29            <category android:name="android.intent.category.BROWSABLE" />
29-->src\main\AndroidManifest.xml:49:17-78
29-->src\main\AndroidManifest.xml:49:27-75
30
31            <data android:scheme="https" />
31-->src\main\AndroidManifest.xml:51:17-75
31-->src\main\AndroidManifest.xml:51:23-72
32        </intent>
33        <!-- End of browser content -->
34        <!-- For CustomTabsService -->
35        <intent>
35-->[com.google.android.gms:play-services-ads-lite:20.2.0] AndroidManifest.xml:39:9-41:18
36            <action android:name="android.support.customtabs.action.CustomTabsService" />
36-->[com.google.android.gms:play-services-ads-lite:20.2.0] AndroidManifest.xml:40:13-90
36-->[com.google.android.gms:play-services-ads-lite:20.2.0] AndroidManifest.xml:40:21-87
37        </intent>
38        <!-- End of CustomTabsService -->
39    </queries>
40
41    <uses-permission android:name="com.google.android.finsky.permission.BIND_GET_INSTALL_REFERRER_SERVICE" />
41-->[com.android.installreferrer:installreferrer:1.0] AndroidManifest.xml:9:5-110
41-->[com.android.installreferrer:installreferrer:1.0] AndroidManifest.xml:9:22-107
42
43    <application
43-->src\main\AndroidManifest.xml:10:5-54:19
44        android:name="androidx.multidex.MultiDexApplication"
45        android:appComponentFactory="androidx.core.app.CoreComponentFactory"
45-->[androidx.core:core:1.6.0] AndroidManifest.xml:24:18-86
46        android:debuggable="true"
47        android:icon="@mipmap/ic_launcher"
47-->src\main\AndroidManifest.xml:11:9-43
48        android:label="Food Recipes"
48-->src\main\AndroidManifest.xml:13:9-37
49        android:networkSecurityConfig="@xml/network_security_config"
49-->src\main\AndroidManifest.xml:12:9-69
50        android:supportsRtl="true" >
50-->[com.facebook.android:facebook-share:5.15.3] AndroidManifest.xml:28:18-44
51        <activity
51-->src\main\AndroidManifest.xml:14:9-25:20
52            android:name="com.royhayek.flutterfoodrecipes.MainActivity"
52-->src\main\AndroidManifest.xml:15:13-72
53            android:configChanges="orientation|keyboardHidden|keyboard|screenSize|smallestScreenSize|locale|layoutDirection|fontScale|screenLayout|density|uiMode"
53-->src\main\AndroidManifest.xml:16:13-163
54            android:hardwareAccelerated="true"
54-->src\main\AndroidManifest.xml:17:13-47
55            android:launchMode="singleTop"
55-->src\main\AndroidManifest.xml:18:13-43
56            android:theme="@style/LaunchTheme"
56-->src\main\AndroidManifest.xml:19:13-47
57            android:windowSoftInputMode="adjustResize" >
57-->src\main\AndroidManifest.xml:20:13-55
58            <intent-filter>
58-->src\main\AndroidManifest.xml:21:13-24:29
59                <action android:name="android.intent.action.MAIN" />
59-->src\main\AndroidManifest.xml:22:17-69
59-->src\main\AndroidManifest.xml:22:25-66
60
61                <category android:name="android.intent.category.LAUNCHER" />
61-->src\main\AndroidManifest.xml:23:17-77
61-->src\main\AndroidManifest.xml:23:27-74
62            </intent-filter>
63        </activity>
64        <!--
65             Don't delete the meta-data below.
66             This is used by the Flutter tool to generate GeneratedPluginRegistrant.java
67        -->
68        <meta-data
68-->src\main\AndroidManifest.xml:28:8-30:33
69            android:name="flutterEmbedding"
69-->src\main\AndroidManifest.xml:29:13-44
70            android:value="2" />
70-->src\main\AndroidManifest.xml:30:13-30
71        <meta-data
71-->src\main\AndroidManifest.xml:31:9-33:70
72            android:name="com.google.android.gms.ads.APPLICATION_ID"
72-->src\main\AndroidManifest.xml:32:13-69
73            android:value="ca-app-pub-1469570455778464~1228577141" />
73-->src\main\AndroidManifest.xml:33:13-67
74        <meta-data
74-->src\main\AndroidManifest.xml:34:9-36:55
75            android:name="com.facebook.sdk.ApplicationId"
75-->src\main\AndroidManifest.xml:35:13-58
76            android:value="@string/facebook_app_id" />
76-->src\main\AndroidManifest.xml:36:13-52
77
78        <activity
78-->src\main\AndroidManifest.xml:38:9-41:48
79            android:name="com.facebook.FacebookActivity"
79-->src\main\AndroidManifest.xml:39:13-57
80            android:configChanges="keyboard|keyboardHidden|screenLayout|screenSize|orientation"
80-->src\main\AndroidManifest.xml:40:13-96
81            android:label="@string/app_name"
81-->src\main\AndroidManifest.xml:41:13-45
82            android:theme="@style/com_facebook_activity_theme" />
82-->[com.facebook.android:facebook-common:5.15.3] AndroidManifest.xml:33:13-63
83        <activity
83-->src\main\AndroidManifest.xml:42:9-53:20
84            android:name="com.facebook.CustomTabActivity"
84-->src\main\AndroidManifest.xml:43:13-58
85            android:exported="true" >
85-->src\main\AndroidManifest.xml:44:13-36
86            <intent-filter>
86-->src\main\AndroidManifest.xml:45:13-52:29
87                <action android:name="android.intent.action.VIEW" />
87-->src\main\AndroidManifest.xml:46:17-69
87-->src\main\AndroidManifest.xml:46:25-66
88
89                <category android:name="android.intent.category.DEFAULT" />
89-->src\main\AndroidManifest.xml:48:17-76
89-->src\main\AndroidManifest.xml:48:27-73
90                <category android:name="android.intent.category.BROWSABLE" />
90-->src\main\AndroidManifest.xml:49:17-78
90-->src\main\AndroidManifest.xml:49:27-75
91
92                <data android:scheme="@string/fb_login_protocol_scheme" />
92-->src\main\AndroidManifest.xml:51:17-75
92-->src\main\AndroidManifest.xml:51:23-72
93            </intent-filter>
94            <intent-filter>
94-->[com.facebook.android:facebook-common:5.15.3] AndroidManifest.xml:39:13-48:29
95                <action android:name="android.intent.action.VIEW" />
95-->src\main\AndroidManifest.xml:46:17-69
95-->src\main\AndroidManifest.xml:46:25-66
96
97                <category android:name="android.intent.category.DEFAULT" />
97-->src\main\AndroidManifest.xml:48:17-76
97-->src\main\AndroidManifest.xml:48:27-73
98                <category android:name="android.intent.category.BROWSABLE" />
98-->src\main\AndroidManifest.xml:49:17-78
98-->src\main\AndroidManifest.xml:49:27-75
99
100                <data
100-->src\main\AndroidManifest.xml:51:17-75
101                    android:host="cct.com.royhayek.flutterfoodrecipes"
102                    android:scheme="fbconnect" />
102-->src\main\AndroidManifest.xml:51:23-72
103            </intent-filter>
104        </activity>
105
106        <service
106-->[:firebase_messaging] AndroidManifest.xml:12:9-15:72
107            android:name="io.flutter.plugins.firebase.messaging.FlutterFirebaseMessagingBackgroundService"
107-->[:firebase_messaging] AndroidManifest.xml:13:13-107
108            android:exported="false"
108-->[:firebase_messaging] AndroidManifest.xml:14:13-37
109            android:permission="android.permission.BIND_JOB_SERVICE" />
109-->[:firebase_messaging] AndroidManifest.xml:15:13-69
110        <service
110-->[:firebase_messaging] AndroidManifest.xml:16:9-22:19
111            android:name="io.flutter.plugins.firebase.messaging.FlutterFirebaseMessagingService"
111-->[:firebase_messaging] AndroidManifest.xml:17:13-97
112            android:exported="false" >
112-->[:firebase_messaging] AndroidManifest.xml:18:13-37
113            <intent-filter>
113-->[:firebase_messaging] AndroidManifest.xml:19:13-21:29
114                <action android:name="com.google.firebase.MESSAGING_EVENT" />
114-->[:firebase_messaging] AndroidManifest.xml:20:17-78
114-->[:firebase_messaging] AndroidManifest.xml:20:25-75
115            </intent-filter>
116        </service>
117
118        <receiver
118-->[:firebase_messaging] AndroidManifest.xml:24:9-31:20
119            android:name="io.flutter.plugins.firebase.messaging.FlutterFirebaseMessagingReceiver"
119-->[:firebase_messaging] AndroidManifest.xml:25:13-98
120            android:exported="true"
120-->[:firebase_messaging] AndroidManifest.xml:26:13-36
121            android:permission="com.google.android.c2dm.permission.SEND" >
121-->[:firebase_messaging] AndroidManifest.xml:27:13-73
122            <intent-filter>
122-->[:firebase_messaging] AndroidManifest.xml:28:13-30:29
123                <action android:name="com.google.android.c2dm.intent.RECEIVE" />
123-->[:firebase_messaging] AndroidManifest.xml:29:17-81
123-->[:firebase_messaging] AndroidManifest.xml:29:25-78
124            </intent-filter>
125        </receiver>
126
127        <service
127-->[:firebase_messaging] AndroidManifest.xml:33:9-37:19
128            android:name="com.google.firebase.components.ComponentDiscoveryService"
128-->[:firebase_messaging] AndroidManifest.xml:33:18-89
129            android:directBootAware="true"
129-->[com.google.firebase:firebase-common:20.0.0] AndroidManifest.xml:35:13-43
130            android:exported="false" >
130-->[com.google.firebase:firebase-auth:21.0.1] AndroidManifest.xml:76:13-37
131            <meta-data
131-->[:firebase_messaging] AndroidManifest.xml:34:13-36:85
132                android:name="com.google.firebase.components:io.flutter.plugins.firebase.messaging.FlutterFirebaseAppRegistrar"
132-->[:firebase_messaging] AndroidManifest.xml:35:17-128
133                android:value="com.google.firebase.components.ComponentRegistrar" />
133-->[:firebase_messaging] AndroidManifest.xml:36:17-82
134            <meta-data
134-->[:firebase_auth] AndroidManifest.xml:9:13-11:85
135                android:name="com.google.firebase.components:io.flutter.plugins.firebase.auth.FlutterFirebaseAuthRegistrar"
135-->[:firebase_auth] AndroidManifest.xml:10:17-124
136                android:value="com.google.firebase.components.ComponentRegistrar" />
136-->[:firebase_auth] AndroidManifest.xml:11:17-82
137            <meta-data
137-->[:firebase_core] AndroidManifest.xml:9:13-11:85
138                android:name="com.google.firebase.components:io.flutter.plugins.firebase.core.FlutterFirebaseCoreRegistrar"
138-->[:firebase_core] AndroidManifest.xml:10:17-124
139                android:value="com.google.firebase.components.ComponentRegistrar" />
139-->[:firebase_core] AndroidManifest.xml:11:17-82
140            <meta-data
140-->[com.google.firebase:firebase-auth:21.0.1] AndroidManifest.xml:77:13-79:85
141                android:name="com.google.firebase.components:com.google.firebase.auth.FirebaseAuthRegistrar"
141-->[com.google.firebase:firebase-auth:21.0.1] AndroidManifest.xml:78:17-109
142                android:value="com.google.firebase.components.ComponentRegistrar" />
142-->[com.google.firebase:firebase-auth:21.0.1] AndroidManifest.xml:79:17-82
143            <meta-data
143-->[com.google.firebase:firebase-messaging:23.0.0] AndroidManifest.xml:52:13-54:85
144                android:name="com.google.firebase.components:com.google.firebase.messaging.FirebaseMessagingRegistrar"
144-->[com.google.firebase:firebase-messaging:23.0.0] AndroidManifest.xml:53:17-119
145                android:value="com.google.firebase.components.ComponentRegistrar" />
145-->[com.google.firebase:firebase-messaging:23.0.0] AndroidManifest.xml:54:17-82
146            <meta-data
146-->[com.google.firebase:firebase-datatransport:18.0.0] AndroidManifest.xml:28:13-30:85
147                android:name="com.google.firebase.components:com.google.firebase.datatransport.TransportRegistrar"
147-->[com.google.firebase:firebase-datatransport:18.0.0] AndroidManifest.xml:29:17-115
148                android:value="com.google.firebase.components.ComponentRegistrar" />
148-->[com.google.firebase:firebase-datatransport:18.0.0] AndroidManifest.xml:30:17-82
149            <meta-data
149-->[com.google.firebase:firebase-installations:17.0.0] AndroidManifest.xml:18:13-20:85
150                android:name="com.google.firebase.components:com.google.firebase.installations.FirebaseInstallationsRegistrar"
150-->[com.google.firebase:firebase-installations:17.0.0] AndroidManifest.xml:19:17-127
151                android:value="com.google.firebase.components.ComponentRegistrar" />
151-->[com.google.firebase:firebase-installations:17.0.0] AndroidManifest.xml:20:17-82
152        </service>
153
154        <provider
154-->[:firebase_messaging] AndroidManifest.xml:39:9-43:38
155            android:name="io.flutter.plugins.firebase.messaging.FlutterFirebaseMessagingInitProvider"
155-->[:firebase_messaging] AndroidManifest.xml:40:13-102
156            android:authorities="com.royhayek.flutterfoodrecipes.flutterfirebasemessaginginitprovider"
156-->[:firebase_messaging] AndroidManifest.xml:41:13-88
157            android:exported="false"
157-->[:firebase_messaging] AndroidManifest.xml:42:13-37
158            android:initOrder="99" />
158-->[:firebase_messaging] AndroidManifest.xml:43:13-35
159        <provider
159-->[:image_picker] AndroidManifest.xml:8:9-16:20
160            android:name="io.flutter.plugins.imagepicker.ImagePickerFileProvider"
160-->[:image_picker] AndroidManifest.xml:9:13-82
161            android:authorities="com.royhayek.flutterfoodrecipes.flutter.image_provider"
161-->[:image_picker] AndroidManifest.xml:10:13-74
162            android:exported="false"
162-->[:image_picker] AndroidManifest.xml:11:13-37
163            android:grantUriPermissions="true" >
163-->[:image_picker] AndroidManifest.xml:12:13-47
164            <meta-data
164-->[:image_picker] AndroidManifest.xml:13:13-15:75
165                android:name="android.support.FILE_PROVIDER_PATHS"
165-->[:image_picker] AndroidManifest.xml:14:17-67
166                android:resource="@xml/flutter_image_picker_file_paths" />
166-->[:image_picker] AndroidManifest.xml:15:17-72
167        </provider>
168
169        <receiver android:name="com.dexterous.flutterlocalnotifications.ScheduledNotificationReceiver" />
169-->[:flutter_local_notifications] AndroidManifest.xml:12:9-106
169-->[:flutter_local_notifications] AndroidManifest.xml:12:19-103
170        <receiver android:name="com.dexterous.flutterlocalnotifications.ScheduledNotificationBootReceiver" >
170-->[:flutter_local_notifications] AndroidManifest.xml:13:9-20:20
170-->[:flutter_local_notifications] AndroidManifest.xml:13:19-107
171            <intent-filter>
171-->[:flutter_local_notifications] AndroidManifest.xml:14:13-19:29
172                <action android:name="android.intent.action.BOOT_COMPLETED" />
172-->[:flutter_local_notifications] AndroidManifest.xml:15:17-79
172-->[:flutter_local_notifications] AndroidManifest.xml:15:25-76
173                <action android:name="android.intent.action.MY_PACKAGE_REPLACED" />
173-->[:flutter_local_notifications] AndroidManifest.xml:16:17-84
173-->[:flutter_local_notifications] AndroidManifest.xml:16:25-81
174                <action android:name="android.intent.action.QUICKBOOT_POWERON" />
174-->[:flutter_local_notifications] AndroidManifest.xml:17:17-82
174-->[:flutter_local_notifications] AndroidManifest.xml:17:25-79
175                <action android:name="com.htc.intent.action.QUICKBOOT_POWERON" />
175-->[:flutter_local_notifications] AndroidManifest.xml:18:17-82
175-->[:flutter_local_notifications] AndroidManifest.xml:18:25-79
176            </intent-filter>
177        </receiver>
178
179        <provider
179-->[:flutter_share_me] AndroidManifest.xml:11:9-19:20
180            android:name="zhuoyuan.li.fluttershareme.util.ShareFileProvider"
180-->[:flutter_share_me] AndroidManifest.xml:12:13-77
181            android:authorities="com.royhayek.flutterfoodrecipes.provider"
181-->[:flutter_share_me] AndroidManifest.xml:13:13-60
182            android:exported="false"
182-->[:flutter_share_me] AndroidManifest.xml:14:13-37
183            android:grantUriPermissions="true" >
183-->[:flutter_share_me] AndroidManifest.xml:15:13-47
184            <meta-data
184-->[:image_picker] AndroidManifest.xml:13:13-15:75
185                android:name="android.support.FILE_PROVIDER_PATHS"
185-->[:image_picker] AndroidManifest.xml:14:17-67
186                android:resource="@xml/file_paths" />
186-->[:image_picker] AndroidManifest.xml:15:17-72
187        </provider>
188        <provider
188-->[:share_plus] AndroidManifest.xml:8:9-16:20
189            android:name="dev.fluttercommunity.plus.share.ShareFileProvider"
189-->[:share_plus] AndroidManifest.xml:9:13-77
190            android:authorities="com.royhayek.flutterfoodrecipes.flutter.share_provider"
190-->[:share_plus] AndroidManifest.xml:10:13-74
191            android:exported="false"
191-->[:share_plus] AndroidManifest.xml:11:13-37
192            android:grantUriPermissions="true" >
192-->[:share_plus] AndroidManifest.xml:12:13-47
193            <meta-data
193-->[:image_picker] AndroidManifest.xml:13:13-15:75
194                android:name="android.support.FILE_PROVIDER_PATHS"
194-->[:image_picker] AndroidManifest.xml:14:17-67
195                android:resource="@xml/flutter_share_file_paths" />
195-->[:image_picker] AndroidManifest.xml:15:17-72
196        </provider>
197
198        <activity
198-->[:url_launcher] AndroidManifest.xml:8:9-11:74
199            android:name="io.flutter.plugins.urllauncher.WebViewActivity"
199-->[:url_launcher] AndroidManifest.xml:9:13-74
200            android:exported="false"
200-->[:url_launcher] AndroidManifest.xml:10:13-37
201            android:theme="@android:style/Theme.NoTitleBar.Fullscreen" />
201-->[:url_launcher] AndroidManifest.xml:11:13-71
202        <activity
202-->[com.google.firebase:firebase-auth:21.0.1] AndroidManifest.xml:27:9-44:20
203            android:name="com.google.firebase.auth.internal.GenericIdpActivity"
203-->[com.google.firebase:firebase-auth:21.0.1] AndroidManifest.xml:28:13-80
204            android:excludeFromRecents="true"
204-->[com.google.firebase:firebase-auth:21.0.1] AndroidManifest.xml:29:13-46
205            android:exported="true"
205-->[com.google.firebase:firebase-auth:21.0.1] AndroidManifest.xml:30:13-36
206            android:launchMode="singleTask"
206-->[com.google.firebase:firebase-auth:21.0.1] AndroidManifest.xml:31:13-44
207            android:theme="@android:style/Theme.Translucent.NoTitleBar" >
207-->[com.google.firebase:firebase-auth:21.0.1] AndroidManifest.xml:32:13-72
208            <intent-filter>
208-->[com.google.firebase:firebase-auth:21.0.1] AndroidManifest.xml:33:13-43:29
209                <action android:name="android.intent.action.VIEW" />
209-->src\main\AndroidManifest.xml:46:17-69
209-->src\main\AndroidManifest.xml:46:25-66
210
211                <category android:name="android.intent.category.DEFAULT" />
211-->src\main\AndroidManifest.xml:48:17-76
211-->src\main\AndroidManifest.xml:48:27-73
212                <category android:name="android.intent.category.BROWSABLE" />
212-->src\main\AndroidManifest.xml:49:17-78
212-->src\main\AndroidManifest.xml:49:27-75
213
214                <data
214-->src\main\AndroidManifest.xml:51:17-75
215                    android:host="firebase.auth"
216                    android:path="/"
217                    android:scheme="genericidp" />
217-->src\main\AndroidManifest.xml:51:23-72
218            </intent-filter>
219        </activity>
220        <activity
220-->[com.google.firebase:firebase-auth:21.0.1] AndroidManifest.xml:45:9-62:20
221            android:name="com.google.firebase.auth.internal.RecaptchaActivity"
221-->[com.google.firebase:firebase-auth:21.0.1] AndroidManifest.xml:46:13-79
222            android:excludeFromRecents="true"
222-->[com.google.firebase:firebase-auth:21.0.1] AndroidManifest.xml:47:13-46
223            android:exported="true"
223-->[com.google.firebase:firebase-auth:21.0.1] AndroidManifest.xml:48:13-36
224            android:launchMode="singleTask"
224-->[com.google.firebase:firebase-auth:21.0.1] AndroidManifest.xml:49:13-44
225            android:theme="@android:style/Theme.Translucent.NoTitleBar" >
225-->[com.google.firebase:firebase-auth:21.0.1] AndroidManifest.xml:50:13-72
226            <intent-filter>
226-->[com.google.firebase:firebase-auth:21.0.1] AndroidManifest.xml:51:13-61:29
227                <action android:name="android.intent.action.VIEW" />
227-->src\main\AndroidManifest.xml:46:17-69
227-->src\main\AndroidManifest.xml:46:25-66
228
229                <category android:name="android.intent.category.DEFAULT" />
229-->src\main\AndroidManifest.xml:48:17-76
229-->src\main\AndroidManifest.xml:48:27-73
230                <category android:name="android.intent.category.BROWSABLE" />
230-->src\main\AndroidManifest.xml:49:17-78
230-->src\main\AndroidManifest.xml:49:27-75
231
232                <data
232-->src\main\AndroidManifest.xml:51:17-75
233                    android:host="firebase.auth"
234                    android:path="/"
235                    android:scheme="recaptcha" />
235-->src\main\AndroidManifest.xml:51:23-72
236            </intent-filter>
237        </activity>
238
239        <service
239-->[com.google.firebase:firebase-auth:21.0.1] AndroidManifest.xml:64:9-73:19
240            android:name="com.google.firebase.auth.api.fallback.service.FirebaseAuthFallbackService"
240-->[com.google.firebase:firebase-auth:21.0.1] AndroidManifest.xml:65:13-101
241            android:enabled="true"
241-->[com.google.firebase:firebase-auth:21.0.1] AndroidManifest.xml:66:13-35
242            android:exported="false" >
242-->[com.google.firebase:firebase-auth:21.0.1] AndroidManifest.xml:67:13-37
243            <intent-filter>
243-->[com.google.firebase:firebase-auth:21.0.1] AndroidManifest.xml:68:13-72:29
244                <action android:name="com.google.firebase.auth.api.gms.service.START" />
244-->[com.google.firebase:firebase-auth:21.0.1] AndroidManifest.xml:69:17-89
244-->[com.google.firebase:firebase-auth:21.0.1] AndroidManifest.xml:69:25-86
245
246                <category android:name="android.intent.category.DEFAULT" />
246-->src\main\AndroidManifest.xml:48:17-76
246-->src\main\AndroidManifest.xml:48:27-73
247            </intent-filter>
248        </service>
249
250        <receiver
250-->[com.google.firebase:firebase-messaging:23.0.0] AndroidManifest.xml:28:9-35:20
251            android:name="com.google.firebase.iid.FirebaseInstanceIdReceiver"
251-->[com.google.firebase:firebase-messaging:23.0.0] AndroidManifest.xml:29:13-78
252            android:exported="true"
252-->[com.google.firebase:firebase-messaging:23.0.0] AndroidManifest.xml:30:13-36
253            android:permission="com.google.android.c2dm.permission.SEND" >
253-->[com.google.firebase:firebase-messaging:23.0.0] AndroidManifest.xml:31:13-73
254            <intent-filter>
254-->[:firebase_messaging] AndroidManifest.xml:28:13-30:29
255                <action android:name="com.google.android.c2dm.intent.RECEIVE" />
255-->[:firebase_messaging] AndroidManifest.xml:29:17-81
255-->[:firebase_messaging] AndroidManifest.xml:29:25-78
256            </intent-filter>
257        </receiver>
258        <!--
259             FirebaseMessagingService performs security checks at runtime,
260             but set to not exported to explicitly avoid allowing another app to call it.
261        -->
262        <service
262-->[com.google.firebase:firebase-messaging:23.0.0] AndroidManifest.xml:41:9-48:19
263            android:name="com.google.firebase.messaging.FirebaseMessagingService"
263-->[com.google.firebase:firebase-messaging:23.0.0] AndroidManifest.xml:42:13-82
264            android:directBootAware="true"
264-->[com.google.firebase:firebase-messaging:23.0.0] AndroidManifest.xml:43:13-43
265            android:exported="false" >
265-->[com.google.firebase:firebase-messaging:23.0.0] AndroidManifest.xml:44:13-37
266            <intent-filter android:priority="-500" >
266-->[:firebase_messaging] AndroidManifest.xml:19:13-21:29
267                <action android:name="com.google.firebase.MESSAGING_EVENT" />
267-->[:firebase_messaging] AndroidManifest.xml:20:17-78
267-->[:firebase_messaging] AndroidManifest.xml:20:25-75
268            </intent-filter>
269        </service>
270
271        <provider
271-->[com.google.firebase:firebase-common:20.0.0] AndroidManifest.xml:26:9-31:39
272            android:name="com.google.firebase.provider.FirebaseInitProvider"
272-->[com.google.firebase:firebase-common:20.0.0] AndroidManifest.xml:27:13-77
273            android:authorities="com.royhayek.flutterfoodrecipes.firebaseinitprovider"
273-->[com.google.firebase:firebase-common:20.0.0] AndroidManifest.xml:28:13-72
274            android:directBootAware="true"
274-->[com.google.firebase:firebase-common:20.0.0] AndroidManifest.xml:29:13-43
275            android:exported="false"
275-->[com.google.firebase:firebase-common:20.0.0] AndroidManifest.xml:30:13-37
276            android:initOrder="100" />
276-->[com.google.firebase:firebase-common:20.0.0] AndroidManifest.xml:31:13-36
277
278        <activity android:name="com.facebook.CustomTabMainActivity" />
278-->[com.facebook.android:facebook-common:5.15.3] AndroidManifest.xml:34:9-71
278-->[com.facebook.android:facebook-common:5.15.3] AndroidManifest.xml:34:19-68
279        <activity
279-->[com.twitter.sdk.android:tweet-ui:3.1.1] AndroidManifest.xml:28:9-31:49
280            android:name="com.twitter.sdk.android.tweetui.PlayerActivity"
280-->[com.twitter.sdk.android:tweet-ui:3.1.1] AndroidManifest.xml:29:13-74
281            android:configChanges="keyboardHidden|orientation|screenSize"
281-->[com.twitter.sdk.android:tweet-ui:3.1.1] AndroidManifest.xml:30:13-74
282            android:theme="@style/MediaTheme" />
282-->[com.twitter.sdk.android:tweet-ui:3.1.1] AndroidManifest.xml:31:13-46
283        <activity
283-->[com.twitter.sdk.android:tweet-ui:3.1.1] AndroidManifest.xml:32:9-34:49
284            android:name="com.twitter.sdk.android.tweetui.GalleryActivity"
284-->[com.twitter.sdk.android:tweet-ui:3.1.1] AndroidManifest.xml:33:13-75
285            android:theme="@style/MediaTheme" />
285-->[com.twitter.sdk.android:tweet-ui:3.1.1] AndroidManifest.xml:34:13-46
286        <activity
286-->[com.google.android.gms:play-services-auth:16.0.1] AndroidManifest.xml:23:9-27:75
287            android:name="com.google.android.gms.auth.api.signin.internal.SignInHubActivity"
287-->[com.google.android.gms:play-services-auth:16.0.1] AndroidManifest.xml:24:13-93
288            android:excludeFromRecents="true"
288-->[com.google.android.gms:play-services-auth:16.0.1] AndroidManifest.xml:25:13-46
289            android:exported="false"
289-->[com.google.android.gms:play-services-auth:16.0.1] AndroidManifest.xml:26:13-37
290            android:theme="@android:style/Theme.Translucent.NoTitleBar" />
290-->[com.google.android.gms:play-services-auth:16.0.1] AndroidManifest.xml:27:13-72
291        <!--
292            Service handling Google Sign-In user revocation. For apps that do not integrate with
293            Google Sign-In, this service will never be started.
294        -->
295        <service
295-->[com.google.android.gms:play-services-auth:16.0.1] AndroidManifest.xml:33:9-36:110
296            android:name="com.google.android.gms.auth.api.signin.RevocationBoundService"
296-->[com.google.android.gms:play-services-auth:16.0.1] AndroidManifest.xml:34:13-89
297            android:exported="true"
297-->[com.google.android.gms:play-services-auth:16.0.1] AndroidManifest.xml:35:13-36